c:\users\maste\desktop\scetool\scetool\release\vc141.pdb
c:\users\maste\desktop\scetool\scetool\release\sha1.obj
c:\users\maste\desktop\scetool\scetool\release\getopt.obj
c:\users\maste\desktop\scetool\scetool\release\aes.obj
c:\users\maste\desktop\scetool\scetool\release\util.obj
c:\users\maste\desktop\scetool\scetool\release\tables.obj
c:\users\maste\desktop\scetool\scetool\release\stdafx.obj
c:\users\maste\desktop\scetool\scetool\release\spp.obj
c:\users\maste\desktop\scetool\scetool\release\self.obj
c:\users\maste\desktop\scetool\scetool\release\rvk.obj
c:\users\maste\desktop\scetool\scetool\release\pkg.obj
c:\users\maste\desktop\scetool\scetool\release\np.obj
c:\users\maste\desktop\scetool\scetool\release\mt19937.obj
c:\users\maste\desktop\scetool\scetool\release\main.obj
c:\users\maste\desktop\scetool\scetool\release\list.obj
c:\users\maste\desktop\scetool\scetool\release\keys.obj
c:\users\maste\desktop\scetool\scetool\release\frontend.obj
c:\users\maste\desktop\scetool\scetool\release\ecdsa.obj
c:\users\maste\desktop\scetool\scetool\release\ec.obj
c:\users\maste\desktop\scetool\scetool\release\bn.obj
c:\users\maste\desktop\scetool\scetool\release\aes_omac.obj
c:\users\maste\desktop\scetool\scetool\release\sce.obj
c:\users\maste\desktop\scetool\release\scetool.exe
c:\users\maste\desktop\scetool\release\scetool.ipdb
c:\users\maste\desktop\scetool\release\scetool.iobj
c:\users\maste\desktop\scetool\scetool\release\scetool.tlog\cl.command.1.tlog
c:\users\maste\desktop\scetool\scetool\release\scetool.tlog\cl.read.1.tlog
c:\users\maste\desktop\scetool\scetool\release\scetool.tlog\cl.write.1.tlog
c:\users\maste\desktop\scetool\scetool\release\scetool.tlog\link.command.1.tlog
c:\users\maste\desktop\scetool\scetool\release\scetool.tlog\link.read.1.tlog
c:\users\maste\desktop\scetool\scetool\release\scetool.tlog\link.write.1.tlog
c:\users\maste\desktop\scetool\scetool\release\scetool.tlog\scetool.write.1u.tlog
